<?xml version="1.0" encoding="UTF-8"?>
<!-- Generated by org.testng.reporters.JUnitReportReporter -->
<testsuite hostname="LTIN488151" failures="0" tests="3" name="Practice.app1" time="0.010" errors="0" timestamp="2024-03-19T17:30:05 IST" skipped="0">
  <testcase classname="Practice.app1" name="loginTwitter" time="0.001"/>
  <testcase classname="Practice.app1" name="loginEmail" time="0.008"/>
  <testcase classname="Practice.app1" name="loginFaceBook" time="0.001"/>
</testsuite> <!-- Practice.app1 -->
