<?xml version="1.0" encoding="UTF-8"?>
<!-- Generated by org.testng.reporters.JUnitReportReporter -->
<testsuite hostname="LTIN488151" failures="0" tests="2" name="Test2.T1" time="0.010" errors="0" timestamp="2024-03-21T14:39:19 IST" skipped="0">
  <testcase classname="Test2.T1" name="search" time="0.008"/>
  <testcase classname="Test2.T1" name="advacedsearch" time="0.002"/>
</testsuite> <!-- Test2.T1 -->
