<?xml version="1.0" encoding="UTF-8"?>
<!-- Generated by org.testng.reporters.JUnitReportReporter -->
<testsuite hostname="LTIN488151" failures="0" tests="2" name="Test2.T6" time="0.001" errors="0" timestamp="2024-03-21T14:39:19 IST" skipped="0">
  <testcase classname="Test2.T6" name="tm1" time="0.001"/>
  <testcase classname="Test2.T6" name="tm2" time="0.000"/>
</testsuite> <!-- Test2.T6 -->
