<?xml version="1.0" encoding="UTF-8"?>
<!-- Generated by org.testng.reporters.JUnitReportReporter -->
<testsuite hostname="LTIN488151" failures="0" tests="3" name="Test1.T3" time="0.000" errors="0" timestamp="2024-03-17T11:12:24 IST" skipped="0">
  <testcase classname="Test1.T3" name="test1" time="0.000"/>
  <testcase classname="Test1.T3" name="test2" time="0.000"/>
  <testcase classname="Test1.T3" name="test3" time="0.000"/>
</testsuite> <!-- Test1.T3 -->
