<?xml version="1.0" encoding="UTF-8"?>
<!-- Generated by org.testng.reporters.JUnitReportReporter -->
<testsuite hostname="LTIN488151" failures="0" tests="10" name="Test4.Practice" time="0.018" errors="0" timestamp="2024-04-01T11:12:28 IST" skipped="0">
  <testcase classname="Test4.Practice" name="f" time="0.000"/>
  <testcase classname="Test4.Practice" name="f" time="0.001"/>
  <testcase classname="Test4.Practice" name="f" time="0.001"/>
  <testcase classname="Test4.Practice" name="f" time="0.001"/>
  <testcase classname="Test4.Practice" name="f" time="0.010"/>
  <testcase classname="Test4.Practice" name="f" time="0.001"/>
  <testcase classname="Test4.Practice" name="f" time="0.001"/>
  <testcase classname="Test4.Practice" name="f" time="0.001"/>
  <testcase classname="Test4.Practice" name="f" time="0.002"/>
  <testcase classname="Test4.Practice" name="f" time="0.000"/>
</testsuite> <!-- Test4.Practice -->
