<?xml version="1.0" encoding="UTF-8"?>
<!-- Generated by org.testng.reporters.JUnitReportReporter -->
<testsuite hostname="LTIN488151" failures="0" tests="10" name="Test4.T1" time="0.015" errors="0" timestamp="2024-04-01T10:51:51 IST" skipped="0">
  <testcase classname="Test4.T1" name="test" time="0.002"/>
  <testcase classname="Test4.T1" name="test" time="0.000"/>
  <testcase classname="Test4.T1" name="test" time="0.008"/>
  <testcase classname="Test4.T1" name="test" time="0.000"/>
  <testcase classname="Test4.T1" name="test" time="0.001"/>
  <testcase classname="Test4.T1" name="test" time="0.000"/>
  <testcase classname="Test4.T1" name="test" time="0.001"/>
  <testcase classname="Test4.T1" name="test" time="0.001"/>
  <testcase classname="Test4.T1" name="test" time="0.001"/>
  <testcase classname="Test4.T1" name="test" time="0.001"/>
</testsuite> <!-- Test4.T1 -->
