<?xml version="1.0" encoding="UTF-8"?>
<!-- Generated by org.testng.reporters.JUnitReportReporter -->
<testsuite hostname="LTIN488151" failures="0" tests="1" name="Test1.Practice1" time="0.008" errors="0" timestamp="2024-03-17T10:35:43 IST" skipped="0">
  <testcase classname="Test1.Practice1" name="f" time="0.008"/>
</testsuite> <!-- Test1.Practice1 -->
