<?xml version="1.0" encoding="UTF-8"?>
<!-- Generated by org.testng.reporters.JUnitReportReporter -->
<testsuite hostname="LTIN488151" failures="0" tests="3" name="Test1.T0" time="0.007" errors="0" timestamp="2024-03-17T11:12:24 IST" skipped="0">
  <testcase classname="Test1.T0" name="a" time="0.006"/>
  <testcase classname="Test1.T0" name="f" time="0.001"/>
  <testcase classname="Test1.T0" name="b" time="0.000"/>
</testsuite> <!-- Test1.T0 -->
