<?xml version="1.0" encoding="UTF-8"?>
<!-- Generated by org.testng.reporters.JUnitReportReporter -->
<testsuite hostname="LTIN488151" failures="0" tests="2" name="Practice.app2" time="0.002" errors="0" timestamp="2024-03-19T16:24:28 IST" skipped="0">
  <testcase classname="Practice.app2" name="AdvSearch" time="0.001"/>
  <testcase classname="Practice.app2" name="AdvSearch" time="0.001"/>
</testsuite> <!-- Practice.app2 -->
