<?xml version="1.0" encoding="UTF-8"?>
<!-- Generated by org.testng.reporters.JUnitReportReporter -->
<testsuite hostname="LTIN488151" failures="0" tests="6" name="Practice.Parrell" time="0.007" errors="0" timestamp="2024-03-20T16:32:55 IST" skipped="0">
  <testcase classname="Practice.Parrell" name="setup" time="0.001"/>
  <testcase classname="Practice.Parrell" name="setup" time="0.001"/>
  <testcase classname="Practice.Parrell" name="login" time="0.001"/>
  <testcase classname="Practice.Parrell" name="login" time="0.002"/>
  <testcase classname="Practice.Parrell" name="logout" time="0.001"/>
  <testcase classname="Practice.Parrell" name="logout" time="0.001"/>
</testsuite> <!-- Practice.Parrell -->
