<?xml version="1.0" encoding="UTF-8"?>
<!-- Generated by org.testng.reporters.JUnitReportReporter -->
<testsuite hostname="LTIN488151" failures="0" tests="3" name="Test1.T2" time="7.323" errors="0" timestamp="2024-03-17T11:12:24 IST" skipped="0">
  <testcase classname="Test1.T2" name="openApp" time="5.525"/>
  <testcase classname="Test1.T2" name="login" time="0.533"/>
  <testcase classname="Test1.T2" name="closeApp" time="1.265"/>
</testsuite> <!-- Test1.T2 -->
