<?xml version="1.0" encoding="UTF-8"?>
<!-- Generated by org.testng.reporters.JUnitReportReporter -->
<testsuite hostname="LTIN488151" failures="0" tests="2" name="Test3.Practice" time="0.006" errors="0" timestamp="2024-04-01T10:47:18 IST" skipped="0">
  <testcase classname="Test3.Practice" name="get" time="0.001"/>
  <testcase classname="Test3.Practice" name="get" time="0.005"/>
</testsuite> <!-- Test3.Practice -->
