<?xml version="1.0" encoding="UTF-8"?>
<!-- Generated by org.testng.reporters.JUnitReportReporter -->
<testsuite hostname="LTIN488151" failures="0" tests="3" name="Test1.T1" time="0.001" errors="0" timestamp="2024-03-17T11:12:24 IST" skipped="0">
  <testcase classname="Test1.T1" name="openapp" time="0.000"/>
  <testcase classname="Test1.T1" name="login" time="0.000"/>
  <testcase classname="Test1.T1" name="logout" time="0.001"/>
</testsuite> <!-- Test1.T1 -->
