<?xml version="1.0" encoding="UTF-8"?>
<!-- Generated by org.testng.reporters.JUnitReportReporter -->
<testsuite hostname="LTIN488151" failures="0" tests="3" name="TestNG.PracticeTestNg" time="0.007" errors="0" timestamp="2024-03-14T11:29:10 IST" skipped="0">
  <testcase classname="TestNG.PracticeTestNg" name="Running" time="0.006"/>
  <testcase classname="TestNG.PracticeTestNg" name="start" time="0.001"/>
  <testcase classname="TestNG.PracticeTestNg" name="Stop" time="0.000"/>
</testsuite> <!-- TestNG.PracticeTestNg -->
