<?xml version="1.0" encoding="UTF-8"?>
<!-- Generated by org.testng.reporters.JUnitReportReporter -->
<testsuite hostname="LTIN488151" failures="0" tests="3" name="TestNG.p1" time="0.011" errors="0" timestamp="2024-03-14T14:04:25 IST" skipped="0">
  <testcase classname="TestNG.p1" name="Running" time="0.009"/>
  <testcase classname="TestNG.p1" name="start" time="0.001"/>
  <testcase classname="TestNG.p1" name="Stop" time="0.001"/>
</testsuite> <!-- TestNG.p1 -->
